2023-11-27 09:37:00.321 [info] Reading sessions from keychain...
2023-11-27 09:37:00.321 [info] Getting sessions for all scopes...
2023-11-27 09:37:00.321 [info] Getting sessions for all scopes...
2023-11-27 09:37:00.321 [info] Getting sessions for user:email...
2023-11-27 09:37:03.783 [info] Got 0 sessions for ...
2023-11-27 09:37:03.783 [info] Got 0 sessions for ...
2023-11-27 09:37:03.783 [info] Got 0 sessions for user:email...
2023-11-27 09:37:04.356 [info] Getting sessions for all scopes...
2023-11-27 09:37:04.356 [info] Got 0 sessions for ...
2023-11-27 09:37:05.364 [info] Logging in for the following scopes: user:email
2023-11-27 09:37:05.370 [info] Trying without local server... (user:email)
2023-11-27 09:38:06.229 [error] User Cancelled
2023-11-27 09:38:07.198 [info] Trying with local server... (user:email)
2023-11-27 09:39:17.318 [error] User Cancelled
2023-11-27 09:39:18.352 [info] Trying device code flow... (user:email)
2023-11-27 09:40:43.963 [info] Getting sessions for user:email...
2023-11-27 09:40:43.964 [info] Got 0 sessions for user:email...
2023-11-27 09:40:45.535 [info] Logging in for the following scopes: user:email
2023-11-27 09:40:45.555 [info] Trying without local server... (user:email)
2023-11-27 09:41:10.669 [info] Getting sessions for user:email...
2023-11-27 09:41:10.669 [info] Got 0 sessions for user:email...
2023-11-27 09:41:15.706 [info] Logging in for the following scopes: user:email
2023-11-27 09:41:15.708 [info] Trying without local server... (user:email)
2023-11-27 09:41:23.070 [error] User Cancelled
2023-11-27 09:41:23.072 [error] Cancelled
2023-11-27 09:41:24.277 [info] Trying with local server... (user:email)
2023-11-27 09:41:25.695 [info] Exchanging code for token...
2023-11-27 09:41:26.778 [info] Token exchange success!
2023-11-27 09:41:26.781 [info] Getting user info...
2023-11-27 09:41:28.130 [info] Got account info!
2023-11-27 09:41:28.133 [info] Storing 1 sessions...
2023-11-27 09:41:28.270 [info] Reading sessions from keychain...
2023-11-27 09:41:28.270 [info] Stored 1 sessions!
2023-11-27 09:41:28.271 [info] Login success!
2023-11-27 09:41:28.275 [info] Got stored sessions!
2023-11-27 09:41:28.275 [info] Got 1 verified sessions.
2023-11-27 09:41:28.281 [info] Getting sessions for user:email...
2023-11-27 09:41:28.281 [info] Got 1 sessions for user:email...
2023-11-27 09:41:28.285 [info] Getting sessions for read:user,repo,user:email,workflow...
2023-11-27 09:41:28.285 [info] Got 0 sessions for read:user,repo,user:email,workflow...
2023-11-27 09:41:45.924 [info] Getting sessions for user:email...
2023-11-27 09:41:45.924 [info] Got 1 sessions for user:email...
2023-11-27 09:41:47.175 [info] Getting sessions for user:email...
2023-11-27 09:41:47.176 [info] Got 1 sessions for user:email...
2023-11-27 09:41:51.058 [info] Getting sessions for user:email...
2023-11-27 09:41:51.058 [info] Got 1 sessions for user:email...
2023-11-27 09:42:07.381 [error] User Cancelled
2023-11-27 09:44:01.318 [info] Getting sessions for user:email...
2023-11-27 09:44:01.319 [info] Got 1 sessions for user:email...
2023-11-27 09:44:43.842 [info] Getting sessions for user:email...
2023-11-27 09:44:43.842 [info] Got 1 sessions for user:email...
2023-11-27 09:44:45.293 [info] Getting sessions for user:email...
2023-11-27 09:44:45.293 [info] Got 1 sessions for user:email...
2023-11-27 09:45:17.080 [info] Reading sessions from keychain...
2023-11-27 09:45:17.081 [info] Got stored sessions!
2023-11-27 09:45:17.081 [info] Got 1 verified sessions.
2023-11-27 09:45:17.081 [info] Getting sessions for all scopes...
2023-11-27 09:45:17.081 [info] Got 1 sessions for ...
2023-11-27 09:45:17.081 [info] Getting sessions for user:email...
2023-11-27 09:45:17.081 [info] Got 1 sessions for user:email...
2023-11-27 09:45:17.081 [info] Getting sessions for all scopes...
2023-11-27 09:45:17.081 [info] Got 1 sessions for ...
2023-11-27 09:45:17.081 [info] Getting sessions for user:email...
2023-11-27 09:45:17.081 [info] Got 1 sessions for user:email...
2023-11-27 09:45:17.081 [info] Getting sessions for all scopes...
2023-11-27 09:45:17.081 [info] Got 1 sessions for ...
2023-11-27 09:45:29.581 [info] Getting sessions for read:user,repo,user:email,workflow...
2023-11-27 09:45:29.581 [info] Got 0 sessions for read:user,repo,user:email,workflow...
2023-11-27 10:00:26.891 [info] Getting sessions for read:user,repo,user:email,workflow...
2023-11-27 10:00:26.910 [info] Got 0 sessions for read:user,repo,user:email,workflow...
2023-11-27 10:00:29.768 [info] Logging in for the following scopes: read:user repo user:email workflow
2023-11-27 10:00:29.797 [info] Trying without local server... (read:user repo user:email workflow)
2023-11-27 10:05:29.942 [error] Timed out
2023-11-27 10:09:51.624 [error] Canceled
2023-11-27 10:09:51.693 [error] Canceled
2023-11-27 10:09:51.697 [error] Error: No auth flow succeeded.
	at t.GitHubServer.login (/Applications/Visual Studio Code.app/Contents/Resources/app/extensions/github-authentication/dist/extension.js:2:651260)
	at async t.GitHubAuthenticationProvider.createSession (/Applications/Visual Studio Code.app/Contents/Resources/app/extensions/github-authentication/dist/extension.js:2:647733)
