2023-11-27 09:15:53.096 [info] Log level: Info
2023-11-27 09:15:53.097 [info] Validating found git in: "/usr/local/bin/git"
2023-11-27 09:15:53.188 [info] Using git "2.42.1" from "/usr/local/bin/git"
2023-11-27 09:15:53.235 [info] > git rev-parse --show-toplevel [24ms]
2023-11-27 09:15:53.256 [info] > git rev-parse --show-toplevel [14ms]
2023-11-27 09:15:53.276 [info] > git rev-parse --show-toplevel [13ms]
2023-11-27 09:15:53.293 [info] > git rev-parse --show-toplevel [13ms]
2023-11-27 09:15:53.321 [info] > git rev-parse --show-toplevel [22ms]
2023-11-27 09:15:53.345 [info] > git rev-parse --show-toplevel [15ms]
2023-11-27 09:15:53.365 [info] > git rev-parse --show-toplevel [14ms]
2023-11-27 09:15:53.380 [info] > git rev-parse --show-toplevel [10ms]
2023-11-27 09:15:53.394 [info] > git rev-parse --show-toplevel [11ms]
2023-11-27 09:15:53.416 [info] > git rev-parse --show-toplevel [15ms]
2023-11-27 09:15:53.432 [info] > git rev-parse --show-toplevel [11ms]
2023-11-27 09:15:53.446 [info] > git rev-parse --show-toplevel [10ms]
2023-11-27 09:15:53.466 [info] > git rev-parse --show-toplevel [14ms]
2023-11-27 09:15:53.483 [info] > git rev-parse --show-toplevel [13ms]
2023-11-27 09:15:53.501 [info] > git rev-parse --show-toplevel [14ms]
2023-11-27 09:16:00.143 [info] > git rev-parse --show-toplevel [24ms]
2023-11-27 09:24:30.372 [info] > git rev-parse --show-toplevel [31ms]
2023-11-27 09:24:34.611 [info] > git rev-parse --show-toplevel [25ms]
2023-11-27 09:24:35.115 [info] > git rev-parse --show-toplevel [20ms]
2023-11-27 09:24:38.784 [info] > git rev-parse --show-toplevel [23ms]
2023-11-27 09:24:39.522 [info] > git rev-parse --show-toplevel [23ms]
2023-11-27 09:36:06.041 [info] > git rev-parse --show-toplevel [22ms]
2023-11-27 09:36:06.077 [info] > git rev-parse --git-dir --git-common-dir [22ms]
2023-11-27 09:36:06.211 [info] Open repository: /Users/local/Music/predominant-planet/tradedex
2023-11-27 09:36:06.238 [info] No remotes found in the git config file.
2023-11-27 09:36:06.265 [info] > git config --get commit.template [32ms]
2023-11-27 09:36:06.277 [info] > git for-each-ref --format=%(refname)%00%(upstream:short)%00%(objectname)%00%(upstream:track)%00%(upstream:remotename)%00%(upstream:remoteref) --ignore-case refs/heads/master refs/remotes/master [24ms]
2023-11-27 09:36:06.612 [info] > git show --textconv :.env [23ms]
2023-11-27 09:36:06.628 [info] > git ls-files --stage -- /Users/local/Music/predominant-planet/tradedex/.env [29ms]
2023-11-27 09:36:06.831 [info] > git status -z -uall [546ms] (cancelled)
2023-11-27 09:36:06.899 [info] > git check-ignore -v -z --stdin [18ms]
2023-11-27 09:36:14.782 [info] > git config --get commit.template [19ms]
2023-11-27 09:36:14.851 [info] No remotes found in the git config file.
2023-11-27 09:36:14.864 [info] > git for-each-ref --format=%(refname)%00%(upstream:short)%00%(objectname)%00%(upstream:track)%00%(upstream:remotename)%00%(upstream:remoteref) --ignore-case refs/heads/master refs/remotes/master [15ms]
2023-11-27 09:36:19.382 [info] > git status -z -uall [4495ms] (cancelled)
2023-11-27 09:36:26.908 [info] > git check-ignore -v -z --stdin [21ms]
2023-11-27 09:36:31.115 [info] > git check-ignore -v -z --stdin [18ms]
2023-11-27 09:37:58.479 [info] > git for-each-ref --sort -committerdate --format %(refname) %(objectname) %(*objectname) [26ms]
2023-11-27 09:38:00.573 [info] > git for-each-ref --format %(refname:short)%00%(upstream:short) refs/heads [20ms]
2023-11-27 09:38:00.630 [info] > git checkout -q --track origin/main [41ms]
2023-11-27 09:38:00.659 [info] > git config --get commit.template [18ms]
2023-11-27 09:38:00.665 [info] > git for-each-ref --format=%(refname)%00%(upstream:short)%00%(objectname)%00%(upstream:track)%00%(upstream:remotename)%00%(upstream:remoteref) --ignore-case refs/heads/main refs/remotes/main [19ms]
2023-11-27 09:38:03.899 [info] > git status -z -uall [3229ms] (cancelled)
2023-11-27 09:38:03.935 [info] > git check-ignore -v -z --stdin [15ms]
2023-11-27 09:38:39.644 [info] > git show --textconv :LICENSE [42ms]
2023-11-27 09:38:39.645 [info] > git ls-files --stage -- /Users/local/Music/predominant-planet/tradedex/LICENSE [32ms]
2023-11-27 09:38:39.680 [info] > git cat-file -s ae1b1b2ddaa3584aecd0fe8be72b2ccb4e6423be [25ms]
2023-11-27 09:39:03.489 [info] > git show --textconv :index.html [26ms]
2023-11-27 09:39:03.510 [info] > git ls-files --stage -- /Users/local/Music/predominant-planet/tradedex/index.html [40ms]
2023-11-27 09:39:08.957 [info] > git show --textconv :error_log [28ms]
2023-11-27 09:39:08.960 [info] > git ls-files --stage -- /Users/local/Music/predominant-planet/tradedex/error_log [24ms]
2023-11-27 09:39:11.394 [info] > git show --textconv :.htaccess [22ms]
2023-11-27 09:39:11.403 [info] > git ls-files --stage -- /Users/local/Music/predominant-planet/tradedex/.htaccess [22ms]
